2025-07-10 12:23:32,783 - __main__ - INFO - 执行初始扫描...
2025-07-10 12:23:32,783 - file_monitor - WARNING - 目录不存在: /Users/ns/Developer/Code/Local/Script/desktop/repo-management /Default
2025-07-10 12:23:32,783 - file_monitor - WARNING - 目录不存在: /Users/ns/Developer/Code/Local/Script/desktop/repo-management /Crawler
2025-07-10 12:23:32,783 - file_monitor - WARNING - 目录不存在: /Users/ns/Developer/Code/Local/Script/desktop/repo-management /Script
2025-07-10 12:23:32,783 - file_monitor - WARNING - 目录不存在: /Users/ns/Developer/Code/Local/Script/desktop/repo-management /Trading
2025-07-10 12:23:32,784 - __main__ - INFO - 初始扫描未发现新文件
2025-07-10 12:37:33,401 - __main__ - INFO - 执行初始扫描...
2025-07-10 12:37:33,403 - __main__ - INFO - 初始扫描未发现新文件
2025-07-10 12:40:22,667 - __main__ - INFO - 执行初始扫描...
2025-07-10 12:40:22,668 - __main__ - INFO - 初始扫描未发现新文件
2025-07-10 12:40:22,668 - file_monitor - INFO - 开始文件监控检查...
2025-07-10 12:40:22,668 - file_monitor - INFO - 未检测到文件变动
2025-07-10 12:43:35,719 - __main__ - INFO - 开始持续监控模式...
2025-07-10 12:43:35,719 - __main__ - INFO - 监控间隔: 60 秒
2025-07-10 12:43:35,719 - file_monitor - INFO - 开始文件监控检查...
2025-07-10 12:43:35,720 - file_monitor - INFO - 未检测到文件变动
2025-07-10 12:44:35,722 - file_monitor - INFO - 开始文件监控检查...
2025-07-10 12:44:35,725 - file_monitor - INFO - 未检测到文件变动
2025-07-10 12:45:35,729 - file_monitor - INFO - 开始文件监控检查...
2025-07-10 12:45:35,730 - file_monitor - INFO - 未检测到文件变动
2025-07-10 12:46:33,460 - __main__ - INFO - 执行初始扫描...
2025-07-10 12:46:33,462 - file_monitor - INFO - 检测到新文件: /Users/ns/Developer/Code/Local/Script/desktop/repo-management/Script/test-project.md
2025-07-10 12:46:33,462 - __main__ - INFO - 初始扫描发现 1 个文件
2025-07-10 12:46:33,462 - __main__ - INFO - 处理 1 个新文件
2025-07-10 12:46:33,462 - __main__ - INFO - 为文件 test-project 创建仓库 (分类: Script)
2025-07-10 12:46:34,011 - repo_creator - INFO - GitHub CLI已认证
2025-07-10 12:46:35,369 - repo_creator - INFO - 成功创建仓库: test-project
2025-07-10 12:46:35,370 - __main__ - INFO - 成功创建仓库: test-project
2025-07-10 12:46:35,370 - __main__ - INFO - 更新README索引文件...
2025-07-10 12:46:35,372 - index_updater - INFO - 更新README文件: /Users/ns/Developer/Code/Local/Script/desktop/repo-management/Default/README.md
2025-07-10 12:46:35,372 - index_updater - INFO - 更新README文件: /Users/ns/Developer/Code/Local/Script/desktop/repo-management/Crawler/README.md
2025-07-10 12:46:35,373 - index_updater - INFO - 更新README文件: /Users/ns/Developer/Code/Local/Script/desktop/repo-management/Script/README.md
2025-07-10 12:46:35,373 - index_updater - INFO - 更新README文件: /Users/ns/Developer/Code/Local/Script/desktop/repo-management/Trading/README.md
2025-07-10 12:46:35,373 - index_updater - INFO - 成功更新 4 个分类的README文件
2025-07-10 12:46:35,373 - __main__ - INFO - README索引更新成功
2025-07-10 12:46:35,373 - file_monitor - INFO - 开始文件监控检查...
2025-07-10 12:46:35,374 - file_monitor - INFO - 未检测到文件变动
2025-07-10 12:46:35,733 - file_monitor - INFO - 开始文件监控检查...
2025-07-10 12:46:35,740 - file_monitor - INFO - 未检测到文件变动
2025-07-10 12:47:35,743 - file_monitor - INFO - 开始文件监控检查...
2025-07-10 12:47:35,753 - file_monitor - INFO - 未检测到文件变动
2025-07-10 12:48:35,755 - file_monitor - INFO - 开始文件监控检查...
2025-07-10 12:48:35,761 - file_monitor - INFO - 未检测到文件变动
2025-07-10 12:49:35,764 - file_monitor - INFO - 开始文件监控检查...
2025-07-10 12:49:35,767 - file_monitor - INFO - 未检测到文件变动
2025-07-10 12:50:35,854 - file_monitor - INFO - 开始文件监控检查...
2025-07-10 12:50:35,860 - file_monitor - INFO - 未检测到文件变动
2025-07-10 12:51:35,865 - file_monitor - INFO - 开始文件监控检查...
2025-07-10 12:51:35,878 - file_monitor - INFO - 未检测到文件变动
2025-07-10 12:52:35,885 - file_monitor - INFO - 开始文件监控检查...
2025-07-10 12:52:35,887 - file_monitor - INFO - 未检测到文件变动
2025-07-10 12:53:35,894 - file_monitor - INFO - 开始文件监控检查...
2025-07-10 12:53:35,899 - file_monitor - INFO - 未检测到文件变动
2025-07-10 12:54:35,904 - file_monitor - INFO - 开始文件监控检查...
2025-07-10 12:54:35,911 - file_monitor - INFO - 未检测到文件变动
2025-07-10 12:55:35,912 - file_monitor - INFO - 开始文件监控检查...
2025-07-10 12:55:35,915 - file_monitor - INFO - 未检测到文件变动
2025-07-10 12:55:46,864 - __main__ - INFO - 执行初始扫描...
2025-07-10 12:55:46,864 - file_monitor - INFO - 检测到新文件: /Users/ns/Developer/Code/Local/Script/desktop/repo-management/Trading/crypto-analyzer.md
2025-07-10 12:55:46,865 - __main__ - INFO - 初始扫描发现 1 个文件
2025-07-10 12:55:46,865 - __main__ - INFO - 处理 1 个新文件
2025-07-10 12:55:46,865 - __main__ - INFO - 为文件 crypto-analyzer 创建仓库 (分类: Trading)
2025-07-10 12:55:47,414 - repo_creator - INFO - GitHub CLI已认证
2025-07-10 12:55:48,687 - repo_creator - INFO - 成功创建仓库: crypto-analyzer
2025-07-10 12:55:48,689 - __main__ - INFO - 成功创建仓库: crypto-analyzer
2025-07-10 12:55:48,689 - __main__ - INFO - 更新README索引文件...
2025-07-10 12:55:48,694 - index_updater - INFO - 更新README文件: /Users/ns/Developer/Code/Local/Script/desktop/repo-management/Default/README.md
2025-07-10 12:55:48,695 - index_updater - INFO - 更新README文件: /Users/ns/Developer/Code/Local/Script/desktop/repo-management/Crawler/README.md
2025-07-10 12:55:48,695 - index_updater - INFO - 更新README文件: /Users/ns/Developer/Code/Local/Script/desktop/repo-management/Script/README.md
2025-07-10 12:55:48,696 - index_updater - INFO - 更新README文件: /Users/ns/Developer/Code/Local/Script/desktop/repo-management/Trading/README.md
2025-07-10 12:55:48,696 - index_updater - INFO - 成功更新 4 个分类的README文件
2025-07-10 12:55:48,696 - __main__ - INFO - README索引更新成功
2025-07-10 12:55:48,696 - __main__ - INFO - 检查并提交本地变更...
